[2023-07-21 12:58:22] merlin-logger.DEBUG: The welcome step has been displayed [] []
[2023-07-21 12:58:25] merlin-logger.DEBUG: The content import step has been displayed [] []
[2023-07-21 12:58:40] merlin-logger.DEBUG: The plugin installation step has been displayed [] []
[2023-07-21 12:58:47] merlin-logger.DEBUG: A plugin with the following data will be processed {"plugin_slug":"woocommerce","message":"Installing"} []
[2023-07-21 12:59:40] merlin-logger.DEBUG: A plugin with the following data will be processed {"plugin_slug":"woocommerce","message":"Activating"} []
[2023-07-21 12:59:48] merlin-logger.DEBUG: A plugin with the following data was processed {"plugin_slug":"woocommerce"} []
[2023-07-21 12:59:49] merlin-logger.DEBUG: A plugin with the following data will be processed {"plugin_slug":"contact-form-7","message":"Installing"} []
[2023-07-21 12:59:54] merlin-logger.DEBUG: A plugin with the following data will be processed {"plugin_slug":"contact-form-7","message":"Installing"} []
[2023-07-21 12:59:55] merlin-logger.DEBUG: A plugin with the following data will be processed {"plugin_slug":"elementor","message":"Installing"} []
[2023-07-21 13:00:13] merlin-logger.DEBUG: A plugin with the following data will be processed {"plugin_slug":"elementor","message":"Activating"} []
[2023-07-21 13:00:19] merlin-logger.DEBUG: A plugin with the following data was processed {"plugin_slug":"elementor"} []
[2023-07-21 13:00:19] merlin-logger.DEBUG: A plugin with the following data was processed {"plugin_slug":"elementor"} []
[2023-07-21 13:00:20] merlin-logger.DEBUG: A plugin with the following data will be processed {"plugin_slug":"ti-woocommerce-wishlist","message":"Installing"} []
[2023-07-21 13:00:20] merlin-logger.DEBUG: A plugin with the following data will be processed {"plugin_slug":"ti-woocommerce-wishlist","message":"Installing"} []
[2023-07-21 13:00:31] merlin-logger.DEBUG: A plugin with the following data will be processed {"plugin_slug":"ti-woocommerce-wishlist","message":"Activating"} []
[2023-07-21 13:01:04] merlin-logger.DEBUG: A plugin with the following data will be processed {"plugin_slug":"ti-woocommerce-wishlist","message":"Activating"} []
[2023-07-21 13:01:12] merlin-logger.DEBUG: A plugin with the following data will be processed {"plugin_slug":"ti-woocommerce-wishlist","message":"Activating"} []
[2023-07-21 13:01:18] merlin-logger.DEBUG: A plugin with the following data was processed {"plugin_slug":"ti-woocommerce-wishlist"} []
[2023-07-21 13:01:18] merlin-logger.DEBUG: A plugin with the following data was processed {"plugin_slug":"ti-woocommerce-wishlist"} []
[2023-07-21 13:01:22] merlin-logger.DEBUG: A plugin with the following data was processed {"plugin_slug":"ti-woocommerce-wishlist"} []
