2023-07-23T06:48:44+00:00 CRITICAL Uncaught ArgumentCountError: 3 arguments are required, 2 given in D:\Web\wordpress-projects\jx\wp-admin\includes\class-bulk-upgrader-skin.php:156
Stack trace:
#0 D:\Web\wordpress-projects\jx\wp-admin\includes\class-bulk-upgrader-skin.php(156): sprintf('%1$s installed ...', 'Advanced Produc...')
#1 D:\Web\wordpress-projects\jx\wp-content\plugins\woostify-sites-library\includes\class-tgm-plugin-activation.php(3646): Bulk_Upgrader_Skin->after('Advanced Produc...')
#2 D:\Web\wordpress-projects\jx\wp-admin\includes\class-wp-upgrader.php(841): TGMPA_Bulk_Installer_Skin->after()
#3 D:\Web\wordpress-projects\jx\wp-content\plugins\woostify-sites-library\includes\class-tgm-plugin-activation.php(3266): WP_Upgrader->run(Array)
#4 D:\Web\wordpress-projects\jx\wp-content\plugins\woostify-sites-library\includes\class-tgm-plugin-activation.php(3379): TGMPA_Bulk_Installer->run(Array)
#5 D:\Web\wordpress-projects\jx\wp-content\plugins\woostify-sites-library\includes\class-tgm-plugin-activation.php(2985): TGMPA_Bulk_Installer->bulk_install(Array)
#6 D:\Web\wordpress-projects\jx\wp-content\plugins\woostify-sites-library\includes\class-tgm-plugin-activation.php(751): TGMPA_List_Table->process_bulk_actions()
#7 D:\Web\wordpress-projects\jx\wp-includes\class-wp-hook.php(308): TGM_Plugin_Activation->install_plugins_page('')
#8 D:\Web\wordpress-projects\jx\wp-includes\class-wp-hook.php(332): WP_Hook->apply_filters('', Array)
#9 D:\Web\wordpress-projects\jx\wp-includes\plugin.php(517): WP_Hook->do_action(Array)
#10 D:\Web\wordpress-projects\jx\wp-admin\admin.php(259): do_action('appearance_page...')
#11 D:\Web\wordpress-projects\jx\wp-admin\themes.php(10): require_once('D:\\Web\\wordpres...')
#12 {main}
  thrown in D:\Web\wordpress-projects\jx\wp-admin\includes\class-bulk-upgrader-skin.php on line 156

2023-07-23T06:49:49+00:00 CRITICAL Uncaught ArgumentCountError: 3 arguments are required, 2 given in D:\Web\wordpress-projects\jx\wp-admin\includes\class-bulk-upgrader-skin.php:156
Stack trace:
#0 D:\Web\wordpress-projects\jx\wp-admin\includes\class-bulk-upgrader-skin.php(156): sprintf('%1$s installed ...', 'Classic Widgets')
#1 D:\Web\wordpress-projects\jx\wp-content\themes\shopstore\inc\tgm\class-tgm-plugin-activation.php(3561): Bulk_Upgrader_Skin->after('Classic Widgets')
#2 D:\Web\wordpress-projects\jx\wp-admin\includes\class-wp-upgrader.php(841): TGMPA_Bulk_Installer_Skin->after()
#3 D:\Web\wordpress-projects\jx\wp-content\themes\shopstore\inc\tgm\class-tgm-plugin-activation.php(3181): WP_Upgrader->run(Array)
#4 D:\Web\wordpress-projects\jx\wp-content\themes\shopstore\inc\tgm\class-tgm-plugin-activation.php(3294): TGMPA_Bulk_Installer->run(Array)
#5 D:\Web\wordpress-projects\jx\wp-content\themes\shopstore\inc\tgm\class-tgm-plugin-activation.php(2900): TGMPA_Bulk_Installer->bulk_install(Array)
#6 D:\Web\wordpress-projects\jx\wp-content\themes\shopstore\inc\tgm\class-tgm-plugin-activation.php(666): TGMPA_List_Table->process_bulk_actions()
#7 D:\Web\wordpress-projects\jx\wp-includes\class-wp-hook.php(308): TGM_Plugin_Activation->install_plugins_page('')
#8 D:\Web\wordpress-projects\jx\wp-includes\class-wp-hook.php(332): WP_Hook->apply_filters('', Array)
#9 D:\Web\wordpress-projects\jx\wp-includes\plugin.php(517): WP_Hook->do_action(Array)
#10 D:\Web\wordpress-projects\jx\wp-admin\admin.php(259): do_action('appearance_page...')
#11 D:\Web\wordpress-projects\jx\wp-admin\themes.php(10): require_once('D:\\Web\\wordpres...')
#12 {main}
  thrown in D:\Web\wordpress-projects\jx\wp-admin\includes\class-bulk-upgrader-skin.php on line 156

2023-07-23T06:55:07+00:00 CRITICAL Uncaught ValueError: Path cannot be empty in D:\Web\wordpress-projects\jx\wp-content\plugins\athemeart-theme-helper\includes\panel\classes\importers\class-settings-importer.php:24
Stack trace:
#0 D:\Web\wordpress-projects\jx\wp-content\plugins\athemeart-theme-helper\includes\panel\classes\importers\class-settings-importer.php(24): file_get_contents('')
#1 D:\Web\wordpress-projects\jx\wp-content\plugins\athemeart-theme-helper\includes\panel\demos.php(548): aThemeArt_Settings_Importer->process_import_file('')
#2 D:\Web\wordpress-projects\jx\wp-includes\class-wp-hook.php(308): aThemeArt_Demos->ajax_import_theme_settings('')
#3 D:\Web\wordpress-projects\jx\wp-includes\class-wp-hook.php(332): WP_Hook->apply_filters('', Array)
#4 D:\Web\wordpress-projects\jx\wp-includes\plugin.php(517): WP_Hook->do_action(Array)
#5 D:\Web\wordpress-projects\jx\wp-admin\admin-ajax.php(188): do_action('wp_ajax_athemea...')
#6 {main}
  thrown in D:\Web\wordpress-projects\jx\wp-content\plugins\athemeart-theme-helper\includes\panel\classes\importers\class-settings-importer.php on line 24

