2023-07-21T13:00:10+00:00 CRITICAL Uncaught ArgumentCountError: 3 arguments are required, 2 given in D:\Web\wordpress-projects\jx\wp-admin\includes\class-bulk-upgrader-skin.php:156
Stack trace:
#0 D:\Web\wordpress-projects\jx\wp-admin\includes\class-bulk-upgrader-skin.php(156): sprintf('%1$s installed ...', 'Elementor')
#1 D:\Web\wordpress-projects\jx\wp-content\plugins\woostify-sites-library\includes\class-tgm-plugin-activation.php(3646): Bulk_Upgrader_Skin->after('Elementor')
#2 D:\Web\wordpress-projects\jx\wp-admin\includes\class-wp-upgrader.php(841): TGMPA_Bulk_Installer_Skin->after()
#3 D:\Web\wordpress-projects\jx\wp-content\plugins\woostify-sites-library\includes\class-tgm-plugin-activation.php(3266): WP_Upgrader->run(Array)
#4 D:\Web\wordpress-projects\jx\wp-content\plugins\woostify-sites-library\includes\class-tgm-plugin-activation.php(3379): TGMPA_Bulk_Installer->run(Array)
#5 D:\Web\wordpress-projects\jx\wp-content\plugins\woostify-sites-library\includes\class-tgm-plugin-activation.php(2985): TGMPA_Bulk_Installer->bulk_install(Array)
#6 D:\Web\wordpress-projects\jx\wp-content\plugins\woostify-sites-library\includes\class-tgm-plugin-activation.php(751): TGMPA_List_Table->process_bulk_actions()
#7 D:\Web\wordpress-projects\jx\wp-includes\class-wp-hook.php(308): TGM_Plugin_Activation->install_plugins_page('')
#8 D:\Web\wordpress-projects\jx\wp-includes\class-wp-hook.php(332): WP_Hook->apply_filters('', Array)
#9 D:\Web\wordpress-projects\jx\wp-includes\plugin.php(517): WP_Hook->do_action(Array)
#10 D:\Web\wordpress-projects\jx\wp-admin\admin.php(259): do_action('plugins_page_tg...')
#11 D:\Web\wordpress-projects\jx\wp-admin\plugins.php(10): require_once('D:\\Web\\wordpres...')
#12 {main}
  thrown in D:\Web\wordpress-projects\jx\wp-admin\includes\class-bulk-upgrader-skin.php on line 156

2023-07-21T13:00:28+00:00 CRITICAL Uncaught ArgumentCountError: 3 arguments are required, 2 given in D:\Web\wordpress-projects\jx\wp-admin\includes\class-bulk-upgrader-skin.php:156
Stack trace:
#0 D:\Web\wordpress-projects\jx\wp-admin\includes\class-bulk-upgrader-skin.php(156): sprintf('%1$s installed ...', 'TI WooCommerce ...')
#1 D:\Web\wordpress-projects\jx\wp-content\plugins\woostify-sites-library\includes\class-tgm-plugin-activation.php(3646): Bulk_Upgrader_Skin->after('TI WooCommerce ...')
#2 D:\Web\wordpress-projects\jx\wp-admin\includes\class-wp-upgrader.php(841): TGMPA_Bulk_Installer_Skin->after()
#3 D:\Web\wordpress-projects\jx\wp-content\plugins\woostify-sites-library\includes\class-tgm-plugin-activation.php(3266): WP_Upgrader->run(Array)
#4 D:\Web\wordpress-projects\jx\wp-content\plugins\woostify-sites-library\includes\class-tgm-plugin-activation.php(3379): TGMPA_Bulk_Installer->run(Array)
#5 D:\Web\wordpress-projects\jx\wp-content\plugins\woostify-sites-library\includes\class-tgm-plugin-activation.php(2985): TGMPA_Bulk_Installer->bulk_install(Array)
#6 D:\Web\wordpress-projects\jx\wp-content\plugins\woostify-sites-library\includes\class-tgm-plugin-activation.php(751): TGMPA_List_Table->process_bulk_actions()
#7 D:\Web\wordpress-projects\jx\wp-includes\class-wp-hook.php(308): TGM_Plugin_Activation->install_plugins_page('')
#8 D:\Web\wordpress-projects\jx\wp-includes\class-wp-hook.php(332): WP_Hook->apply_filters('', Array)
#9 D:\Web\wordpress-projects\jx\wp-includes\plugin.php(517): WP_Hook->do_action(Array)
#10 D:\Web\wordpress-projects\jx\wp-admin\admin.php(259): do_action('plugins_page_tg...')
#11 D:\Web\wordpress-projects\jx\wp-admin\plugins.php(10): require_once('D:\\Web\\wordpres...')
#12 {main}
  thrown in D:\Web\wordpress-projects\jx\wp-admin\includes\class-bulk-upgrader-skin.php on line 156

